[1017/154442:ERROR:process_info.cc(608)] range at 0xfffde000, size 0x230 fully unreadable
[1017/154442:ERROR:process_reader_win.cc(233)] ReadMemory at 0x75e49fec of 34 bytes failed: Only part of a ReadProcessMemory or WriteProcessMemory request was completed. (0x12B)
[1017/154442:WARNING:pe_image_reader.cc(155)] could not read debug directory from C:\Windows\syswow64\ole32.dll
[1017/154442:ERROR:process_reader_win.cc(233)] ReadMemory at 0x75290000 of 64 bytes failed: Only part of a ReadProcessMemory or WriteProcessMemory request was completed. (0x12B)
[1017/154442:WARNING:pe_image_reader.cc(281)] could not read dos header from C:\Windows\syswow64\OLEAUT32.dll
[1017/154442:ERROR:process_reader_win.cc(233)] ReadMemory at 0x758d0000 of 64 bytes failed: Only part of a ReadProcessMemory or WriteProcessMemory request was completed. (0x12B)
[1017/154442:WARNING:pe_image_reader.cc(281)] could not read dos header from C:\Windows\syswow64\NSI.dll
[1017/154442:ERROR:process_reader_win.cc(233)] ReadMemory at 0x74b80000 of 64 bytes failed: Only part of a ReadProcessMemory or WriteProcessMemory request was completed. (0x12B)
[1017/154442:WARNING:pe_image_reader.cc(281)] could not read dos header from C:\Windows\system32\WINNSI.DLL
[1017/154442:ERROR:process_reader_win.cc(233)] ReadMemory at 0x74b90000 of 64 bytes failed: Only part of a ReadProcessMemory or WriteProcessMemory request was completed. (0x12B)
[1017/154442:WARNING:pe_image_reader.cc(281)] could not read dos header from C:\Windows\system32\IPHLPAPI.DLL
[1017/154442:ERROR:process_reader_win.cc(233)] ReadMemory at 0x76080000 of 64 bytes failed: Only part of a ReadProcessMemory or WriteProcessMemory request was completed. (0x12B)
[1017/154442:WARNING:pe_image_reader.cc(281)] could not read dos header from C:\Windows\syswow64\WS2_32.dll
[1017/154442:ERROR:process_reader_win.cc(233)] ReadMemory at 0x75490000 of 64 bytes failed: Only part of a ReadProcessMemory or WriteProcessMemory request was completed. (0x12B)
[1017/154442:WARNING:pe_image_reader.cc(281)] could not read dos header from C:\Windows\syswow64\MSASN1.dll
[1017/154442:ERROR:process_reader_win.cc(233)] ReadMemory at 0x75b90000 of 64 bytes failed: Only part of a ReadProcessMemory or WriteProcessMemory request was completed. (0x12B)
[1017/154442:WARNING:pe_image_reader.cc(281)] could not read dos header from C:\Windows\syswow64\CRYPT32.dll
[1017/154442:ERROR:process_reader_win.cc(233)] ReadMemory at 0x77050000 of 64 bytes failed: Only part of a ReadProcessMemory or WriteProcessMemory request was completed. (0x12B)
[1017/154442:WARNING:pe_image_reader.cc(281)] could not read dos header from C:\Windows\syswow64\WINTRUST.dll
[1017/154442:ERROR:process_reader_win.cc(233)] ReadMemory at 0x742c0000 of 64 bytes failed: Only part of a ReadProcessMemory or WriteProcessMemory request was completed. (0x12B)
[1017/154442:WARNING:pe_image_reader.cc(281)] could not read dos header from C:\Windows\system32\Secur32.dll
[1017/154442:ERROR:process_reader_win.cc(233)] ReadMemory at 0x58840000 of 64 bytes failed: Only part of a ReadProcessMemory or WriteProcessMemory request was completed. (0x12B)
[1017/154442:WARNING:pe_image_reader.cc(281)] could not read dos header from C:\Program Files (x86)\Google\Chrome\Application\53.0.2785.143\chrome_child.dll
[1017/154442:ERROR:process_reader_win.cc(233)] ReadMemory at 0x70ad0000 of 64 bytes failed: Only part of a ReadProcessMemory or WriteProcessMemory request was completed. (0x12B)
[1017/154442:WARNING:pe_image_reader.cc(281)] could not read dos header from C:\Windows\system32\dwrite.dll
[1017/154442:ERROR:process_reader_win.cc(233)] ReadMemory at 0x77585120 of 5888 bytes failed: Only part of a ReadProcessMemory or WriteProcessMemory request was completed. (0x12B)
[1017/154442:ERROR:process_reader_win.cc(233)] ReadMemory at 0x1200000 of 64 bytes failed: Only part of a ReadProcessMemory or WriteProcessMemory request was completed. (0x12B)
[1017/154442:WARNING:pe_image_reader.cc(281)] could not read dos header from C:\Program Files (x86)\Google\Chrome\Application\chrome.exe
[1017/154442:ERROR:process_reader_win.cc(233)] ReadMemory at 0x77480000 of 64 bytes failed: Only part of a ReadProcessMemory or WriteProcessMemory request was completed. (0x12B)
[1017/154442:WARNING:pe_image_reader.cc(281)] could not read dos header from C:\Windows\SysWOW64\ntdll.dll
[1017/154442:ERROR:process_reader_win.cc(233)] ReadMemory at 0x75760000 of 64 bytes failed: Only part of a ReadProcessMemory or WriteProcessMemory request was completed. (0x12B)
[1017/154442:WARNING:pe_image_reader.cc(281)] could not read dos header from C:\Windows\syswow64\KERNELBASE.dll
[1017/154442:ERROR:process_reader_win.cc(233)] ReadMemory at 0x76d10000 of 64 bytes failed: Only part of a ReadProcessMemory or WriteProcessMemory request was completed. (0x12B)
[1017/154442:WARNING:pe_image_reader.cc(281)] could not read dos header from C:\Windows\syswow64\kernel32.dll
[1017/154442:ERROR:process_reader_win.cc(233)] ReadMemory at 0x75150000 of 64 bytes failed: Only part of a ReadProcessMemory or WriteProcessMemory request was completed. (0x12B)
[1017/154442:WARNING:pe_image_reader.cc(281)] could not read dos header from C:\Windows\syswow64\msvcrt.dll
[1017/154442:ERROR:process_reader_win.cc(233)] ReadMemory at 0x74ea0000 of 64 bytes failed: Only part of a ReadProcessMemory or WriteProcessMemory request was completed. (0x12B)
[1017/154442:WARNING:pe_image_reader.cc(281)] could not read dos header from C:\Windows\syswow64\CRYPTBASE.dll
[1017/154442:ERROR:process_reader_win.cc(233)] ReadMemory at 0x74eb0000 of 64 bytes failed: Only part of a ReadProcessMemory or WriteProcessMemory request was completed. (0x12B)
[1017/154442:WARNING:pe_image_reader.cc(281)] could not read dos header from C:\Windows\syswow64\SspiCli.dll
[1017/154442:ERROR:process_reader_win.cc(233)] ReadMemory at 0x75f30000 of 64 bytes failed: Only part of a ReadProcessMemory or WriteProcessMemory request was completed. (0x12B)
[1017/154442:WARNING:pe_image_reader.cc(281)] could not read dos header from C:\Windows\syswow64\RPCRT4.dll
[1017/154442:ERROR:process_reader_win.cc(233)] ReadMemory at 0x74f10000 of 64 bytes failed: Only part of a ReadProcessMemory or WriteProcessMemory request was completed. (0x12B)
[1017/154442:WARNING:pe_image_reader.cc(281)] could not read dos header from C:\Windows\SysWOW64\sechost.dll
[1017/154442:ERROR:process_reader_win.cc(233)] ReadMemory at 0x75e80000 of 64 bytes failed: Only part of a ReadProcessMemory or WriteProcessMemory request was completed. (0x12B)
[1017/154442:WARNING:pe_image_reader.cc(281)] could not read dos header from C:\Windows\syswow64\ADVAPI32.dll
[1017/154442:ERROR:process_reader_win.cc(233)] ReadMemory at 0x624a0000 of 64 bytes failed: Only part of a ReadProcessMemory or WriteProcessMemory request was completed. (0x12B)
[1017/154442:WARNING:pe_image_reader.cc(281)] could not read dos header from C:\Program Files (x86)\Google\Chrome\Application\53.0.2785.143\chrome_elf.dll
[1017/154442:ERROR:process_reader_win.cc(233)] ReadMemory at 0x74d10000 of 64 bytes failed: Only part of a ReadProcessMemory or WriteProcessMemory request was completed. (0x12B)
[1017/154442:WARNING:pe_image_reader.cc(281)] could not read dos header from C:\Windows\system32\VERSION.dll
[1017/154442:ERROR:process_reader_win.cc(233)] ReadMemory at 0x76f20000 of 64 bytes failed: Only part of a ReadProcessMemory or WriteProcessMemory request was completed. (0x12B)
[1017/154442:WARNING:pe_image_reader.cc(281)] could not read dos header from C:\Windows\syswow64\USP10.dll
[1017/154442:ERROR:process_reader_win.cc(233)] ReadMemory at 0x75cf0000 of 64 bytes failed: Only part of a ReadProcessMemory or WriteProcessMemory request was completed. (0x12B)
[1017/154442:WARNING:pe_image_reader.cc(281)] could not read dos header from C:\Windows\syswow64\LPK.dll
[1017/154442:ERROR:process_reader_win.cc(233)] ReadMemory at 0x76fc0000 of 64 bytes failed: Only part of a ReadProcessMemory or WriteProcessMemory request was completed. (0x12B)
[1017/154442:WARNING:pe_image_reader.cc(281)] could not read dos header from C:\Windows\syswow64\GDI32.dll
[1017/154442:ERROR:process_reader_win.cc(233)] ReadMemory at 0x76e20000 of 64 bytes failed: Only part of a ReadProcessMemory or WriteProcessMemory request was completed. (0x12B)
[1017/154442:WARNING:pe_image_reader.cc(281)] could not read dos header from C:\Windows\syswow64\USER32.dll
[1017/154442:ERROR:process_reader_win.cc(233)] ReadMemory at 0x740e0000 of 64 bytes failed: Only part of a ReadProcessMemory or WriteProcessMemory request was completed. (0x12B)
[1017/154442:WARNING:pe_image_reader.cc(281)] could not read dos header from C:\Windows\system32\WINMM.dll
[1017/154442:ERROR:process_reader_win.cc(233)] ReadMemory at 0x74ca0000 of 64 bytes failed: Only part of a ReadProcessMemory or WriteProcessMemory request was completed. (0x12B)
[1017/154442:WARNING:pe_image_reader.cc(281)] could not read dos header from C:\Windows\system32\profapi.dll
[1017/154442:ERROR:process_reader_win.cc(233)] ReadMemory at 0x74ab0000 of 64 bytes failed: Only part of a ReadProcessMemory or WriteProcessMemory request was completed. (0x12B)
[1017/154442:WARNING:pe_image_reader.cc(281)] could not read dos header from C:\Windows\system32\USERENV.dll
[1017/154442:ERROR:process_reader_win.cc(233)] ReadMemory at 0x74b70000 of 64 bytes failed: Only part of a ReadProcessMemory or WriteProcessMemory request was completed. (0x12B)
[1017/154442:WARNING:pe_image_reader.cc(281)] could not read dos header from C:\Windows\system32\WTSAPI32.dll
[1017/154442:ERROR:process_reader_win.cc(233)] ReadMemory at 0x69f80000 of 64 bytes failed: Only part of a ReadProcessMemory or WriteProcessMemory request was completed. (0x12B)
[1017/154442:WARNING:pe_image_reader.cc(281)] could not read dos header from C:\Windows\system32\webio.dll
[1017/154442:ERROR:process_reader_win.cc(233)] ReadMemory at 0x69fd0000 of 64 bytes failed: Only part of a ReadProcessMemory or WriteProcessMemory request was completed. (0x12B)
[1017/154442:WARNING:pe_image_reader.cc(281)] could not read dos header from C:\Windows\system32\WINHTTP.dll
[1017/154442:ERROR:process_reader_win.cc(233)] ReadMemory at 0x75330000 of 64 bytes failed: Only part of a ReadProcessMemory or WriteProcessMemory request was completed. (0x12B)
[1017/154442:WARNING:pe_image_reader.cc(281)] could not read dos header from C:\Windows\syswow64\MSCTF.dll
[1017/154442:ERROR:process_reader_win.cc(233)] ReadMemory at 0x76020000 of 64 bytes failed: Only part of a ReadProcessMemory or WriteProcessMemory request was completed. (0x12B)
[1017/154442:WARNING:pe_image_reader.cc(281)] could not read dos header from C:\Windows\system32\IMM32.DLL
[1017/154442:ERROR:process_reader_win.cc(233)] ReadMemory at 0x754d0000 of 64 bytes failed: Only part of a ReadProcessMemory or WriteProcessMemory request was completed. (0x12B)
[1017/154442:WARNING:pe_image_reader.cc(281)] could not read dos header from C:\Windows\syswow64\SHLWAPI.dll
[1017/154442:ERROR:process_reader_win.cc(233)] ReadMemory at 0x760c0000 of 64 bytes failed: Only part of a ReadProcessMemory or WriteProcessMemory request was completed. (0x12B)
[1017/154442:WARNING:pe_image_reader.cc(281)] could not read dos header from C:\Windows\syswow64\SHELL32.dll
[1017/154442:ERROR:process_reader_win.cc(233)] ReadMemory at 0x77450000 of 64 bytes failed: Only part of a ReadProcessMemory or WriteProcessMemory request was completed. (0x12B)
[1017/154442:WARNING:pe_image_reader.cc(281)] could not read dos header from C:\Windows\syswow64\PSAPI.DLL
[1017/154442:ERROR:process_reader_win.cc(233)] ReadMemory at 0x74cb0000 of 64 bytes failed: Only part of a ReadProcessMemory or WriteProcessMemory request was completed. (0x12B)
[1017/154442:WARNING:pe_image_reader.cc(281)] could not read dos header from C:\Windows\system32\WINSPOOL.DRV
[1017/154442:ERROR:process_reader_win.cc(233)] ReadMemory at 0x74700000 of 64 bytes failed: Only part of a ReadProcessMemory or WriteProcessMemory request was completed. (0x12B)
[1017/154442:WARNING:pe_image_reader.cc(281)] could not read dos header from C:\Windows\WinSxS\x86_microsoft.windows.common-controls_6595b64144ccf1df_6.0.7601.18837_none_41e855142bd5705d\COMCTL32.dll
[1017/154442:ERROR:process_reader_win.cc(233)] ReadMemory at 0x75ab0000 of 64 bytes failed: Only part of a ReadProcessMemory or WriteProcessMemory request was completed. (0x12B)
[1017/154442:WARNING:pe_image_reader.cc(281)] could not read dos header from C:\Windows\syswow64\COMDLG32.dll
[1017/154442:ERROR:process_reader_win.cc(233)] ReadMemory at 0x75d10000 of 64 bytes failed: Only part of a ReadProcessMemory or WriteProcessMemory request was completed. (0x12B)
[1017/154442:WARNING:pe_image_reader.cc(281)] could not read dos header from C:\Windows\syswow64\ole32.dll
[1017/154442:ERROR:process_reader_win.cc(233)] ReadMemory at 0x75290000 of 64 bytes failed: Only part of a ReadProcessMemory or WriteProcessMemory request was completed. (0x12B)
[1017/154442:WARNING:pe_image_reader.cc(281)] could not read dos header from C:\Windows\syswow64\OLEAUT32.dll
[1017/154442:ERROR:process_reader_win.cc(233)] ReadMemory at 0x758d0000 of 64 bytes failed: Only part of a ReadProcessMemory or WriteProcessMemory request was completed. (0x12B)
[1017/154442:WARNING:pe_image_reader.cc(281)] could not read dos header from C:\Windows\syswow64\NSI.dll
[1017/154442:ERROR:process_reader_win.cc(233)] ReadMemory at 0x74b80000 of 64 bytes failed: Only part of a ReadProcessMemory or WriteProcessMemory request was completed. (0x12B)
[1017/154442:WARNING:pe_image_reader.cc(281)] could not read dos header from C:\Windows\system32\WINNSI.DLL
[1017/154442:ERROR:process_reader_win.cc(233)] ReadMemory at 0x74b90000 of 64 bytes failed: Only part of a ReadProcessMemory or WriteProcessMemory request was completed. (0x12B)
[1017/154442:WARNING:pe_image_reader.cc(281)] could not read dos header from C:\Windows\system32\IPHLPAPI.DLL
[1017/154442:ERROR:process_reader_win.cc(233)] ReadMemory at 0x76080000 of 64 bytes failed: Only part of a ReadProcessMemory or WriteProcessMemory request was completed. (0x12B)
[1017/154442:WARNING:pe_image_reader.cc(281)] could not read dos header from C:\Windows\syswow64\WS2_32.dll
[1017/154442:ERROR:process_reader_win.cc(233)] ReadMemory at 0x75490000 of 64 bytes failed: Only part of a ReadProcessMemory or WriteProcessMemory request was completed. (0x12B)
[1017/154442:WARNING:pe_image_reader.cc(281)] could not read dos header from C:\Windows\syswow64\MSASN1.dll
[1017/154442:ERROR:process_reader_win.cc(233)] ReadMemory at 0x75b90000 of 64 bytes failed: Only part of a ReadProcessMemory or WriteProcessMemory request was completed. (0x12B)
[1017/154442:WARNING:pe_image_reader.cc(281)] could not read dos header from C:\Windows\syswow64\CRYPT32.dll
[1017/154442:ERROR:process_reader_win.cc(233)] ReadMemory at 0x77050000 of 64 bytes failed: Only part of a ReadProcessMemory or WriteProcessMemory request was completed. (0x12B)
[1017/154442:WARNING:pe_image_reader.cc(281)] could not read dos header from C:\Windows\syswow64\WINTRUST.dll
[1017/154442:ERROR:process_reader_win.cc(233)] ReadMemory at 0x742c0000 of 64 bytes failed: Only part of a ReadProcessMemory or WriteProcessMemory request was completed. (0x12B)
[1017/154442:WARNING:pe_image_reader.cc(281)] could not read dos header from C:\Windows\system32\Secur32.dll
[1017/154442:ERROR:process_reader_win.cc(233)] ReadMemory at 0x58840000 of 64 bytes failed: Only part of a ReadProcessMemory or WriteProcessMemory request was completed. (0x12B)
[1017/154442:WARNING:pe_image_reader.cc(281)] could not read dos header from C:\Program Files (x86)\Google\Chrome\Application\53.0.2785.143\chrome_child.dll
[1017/154442:ERROR:process_reader_win.cc(233)] ReadMemory at 0x70ad0000 of 64 bytes failed: Only part of a ReadProcessMemory or WriteProcessMemory request was completed. (0x12B)
[1017/154442:WARNING:pe_image_reader.cc(281)] could not read dos header from C:\Windows\system32\dwrite.dll
[1017/154442:ERROR:process_info.cc(608)] range at 0xfffdd000, size 0xf84 fully unreadable
[1017/154442:ERROR:process_info.cc(608)] range at 0xfffda000, size 0xf84 fully unreadable
[1017/154442:ERROR:process_info.cc(608)] range at 0xfffd7000, size 0xf84 fully unreadable
[1017/154442:ERROR:process_info.cc(608)] range at 0xfffaf000, size 0xf84 fully unreadable
[1017/154442:ERROR:process_info.cc(608)] range at 0xfffac000, size 0xf84 fully unreadable
[1017/154442:ERROR:process_info.cc(608)] range at 0xfffa9000, size 0xf84 fully unreadable
[1017/154442:ERROR:process_info.cc(608)] range at 0xfffa6000, size 0xf84 fully unreadable
[1017/154442:ERROR:process_info.cc(608)] range at 0xfffa3000, size 0xf84 fully unreadable
[1017/154442:ERROR:process_info.cc(608)] range at 0xfffa0000, size 0xf84 fully unreadable
[1017/154442:ERROR:process_info.cc(608)] range at 0xfff9d000, size 0xf84 fully unreadable
[1017/154442:ERROR:process_info.cc(608)] range at 0xfff9a000, size 0xf84 fully unreadable
[1017/154442:ERROR:process_reader_win.cc(233)] ReadMemory at 0x1200000 of 64 bytes failed: Only part of a ReadProcessMemory or WriteProcessMemory request was completed. (0x12B)
[1017/154442:WARNING:pe_image_reader.cc(281)] could not read dos header from C:\Program Files (x86)\Google\Chrome\Application\chrome.exe
[1017/154442:ERROR:process_reader_win.cc(233)] ReadMemory at 0x77480000 of 64 bytes failed: Only part of a ReadProcessMemory or WriteProcessMemory request was completed. (0x12B)
[1017/154442:WARNING:pe_image_reader.cc(281)] could not read dos header from C:\Windows\SysWOW64\ntdll.dll
[1017/154442:ERROR:process_reader_win.cc(233)] ReadMemory at 0x75760000 of 64 bytes failed: Only part of a ReadProcessMemory or WriteProcessMemory request was completed. (0x12B)
[1017/154442:WARNING:pe_image_reader.cc(281)] could not read dos header from C:\Windows\syswow64\KERNELBASE.dll
[1017/154442:ERROR:process_reader_win.cc(233)] ReadMemory at 0x76d10000 of 64 bytes failed: Only part of a ReadProcessMemory or WriteProcessMemory request was completed. (0x12B)
[1017/154442:WARNING:pe_image_reader.cc(281)] could not read dos header from C:\Windows\syswow64\kernel32.dll
[1017/154442:ERROR:process_reader_win.cc(233)] ReadMemory at 0x75150000 of 64 bytes failed: Only part of a ReadProcessMemory or WriteProcessMemory request was completed. (0x12B)
[1017/154442:WARNING:pe_image_reader.cc(281)] could not read dos header from C:\Windows\syswow64\msvcrt.dll
[1017/154442:ERROR:process_reader_win.cc(233)] ReadMemory at 0x74ea0000 of 64 bytes failed: Only part of a ReadProcessMemory or WriteProcessMemory request was completed. (0x12B)
[1017/154442:WARNING:pe_image_reader.cc(281)] could not read dos header from C:\Windows\syswow64\CRYPTBASE.dll
[1017/154442:ERROR:process_reader_win.cc(233)] ReadMemory at 0x74eb0000 of 64 bytes failed: Only part of a ReadProcessMemory or WriteProcessMemory request was completed. (0x12B)
[1017/154442:WARNING:pe_image_reader.cc(281)] could not read dos header from C:\Windows\syswow64\SspiCli.dll
[1017/154442:ERROR:process_reader_win.cc(233)] ReadMemory at 0x75f30000 of 64 bytes failed: Only part of a ReadProcessMemory or WriteProcessMemory request was completed. (0x12B)
[1017/154442:WARNING:pe_image_reader.cc(281)] could not read dos header from C:\Windows\syswow64\RPCRT4.dll
[1017/154442:ERROR:process_reader_win.cc(233)] ReadMemory at 0x74f10000 of 64 bytes failed: Only part of a ReadProcessMemory or WriteProcessMemory request was completed. (0x12B)
[1017/154442:WARNING:pe_image_reader.cc(281)] could not read dos header from C:\Windows\SysWOW64\sechost.dll
[1017/154442:ERROR:process_reader_win.cc(233)] ReadMemory at 0x75e80000 of 64 bytes failed: Only part of a ReadProcessMemory or WriteProcessMemory request was completed. (0x12B)
[1017/154442:WARNING:pe_image_reader.cc(281)] could not read dos header from C:\Windows\syswow64\ADVAPI32.dll
[1017/154442:ERROR:process_reader_win.cc(233)] ReadMemory at 0x624a0000 of 64 bytes failed: Only part of a ReadProcessMemory or WriteProcessMemory request was completed. (0x12B)
[1017/154442:WARNING:pe_image_reader.cc(281)] could not read dos header from C:\Program Files (x86)\Google\Chrome\Application\53.0.2785.143\chrome_elf.dll
[1017/154442:ERROR:process_reader_win.cc(233)] ReadMemory at 0x74d10000 of 64 bytes failed: Only part of a ReadProcessMemory or WriteProcessMemory request was completed. (0x12B)
[1017/154442:WARNING:pe_image_reader.cc(281)] could not read dos header from C:\Windows\system32\VERSION.dll
[1017/154442:ERROR:process_reader_win.cc(233)] ReadMemory at 0x76f20000 of 64 bytes failed: Only part of a ReadProcessMemory or WriteProcessMemory request was completed. (0x12B)
[1017/154442:WARNING:pe_image_reader.cc(281)] could not read dos header from C:\Windows\syswow64\USP10.dll
[1017/154442:ERROR:process_reader_win.cc(233)] ReadMemory at 0x75cf0000 of 64 bytes failed: Only part of a ReadProcessMemory or WriteProcessMemory request was completed. (0x12B)
[1017/154442:WARNING:pe_image_reader.cc(281)] could not read dos header from C:\Windows\syswow64\LPK.dll
[1017/154442:ERROR:process_reader_win.cc(233)] ReadMemory at 0x76fc0000 of 64 bytes failed: Only part of a ReadProcessMemory or WriteProcessMemory request was completed. (0x12B)
[1017/154442:WARNING:pe_image_reader.cc(281)] could not read dos header from C:\Windows\syswow64\GDI32.dll
[1017/154442:ERROR:process_reader_win.cc(233)] ReadMemory at 0x76e20000 of 64 bytes failed: Only part of a ReadProcessMemory or WriteProcessMemory request was completed. (0x12B)
[1017/154442:WARNING:pe_image_reader.cc(281)] could not read dos header from C:\Windows\syswow64\USER32.dll
[1017/154442:ERROR:process_reader_win.cc(233)] ReadMemory at 0x740e0000 of 64 bytes failed: Only part of a ReadProcessMemory or WriteProcessMemory request was completed. (0x12B)
[1017/154442:WARNING:pe_image_reader.cc(281)] could not read dos header from C:\Windows\system32\WINMM.dll
[1017/154442:ERROR:process_reader_win.cc(233)] ReadMemory at 0x74ca0000 of 64 bytes failed: Only part of a ReadProcessMemory or WriteProcessMemory request was completed. (0x12B)
[1017/154442:WARNING:pe_image_reader.cc(281)] could not read dos header from C:\Windows\system32\profapi.dll
[1017/154442:ERROR:process_reader_win.cc(233)] ReadMemory at 0x74ab0000 of 64 bytes failed: Only part of a ReadProcessMemory or WriteProcessMemory request was completed. (0x12B)
[1017/154442:WARNING:pe_image_reader.cc(281)] could not read dos header from C:\Windows\system32\USERENV.dll
[1017/154442:ERROR:process_reader_win.cc(233)] ReadMemory at 0x74b70000 of 64 bytes failed: Only part of a ReadProcessMemory or WriteProcessMemory request was completed. (0x12B)
[1017/154442:WARNING:pe_image_reader.cc(281)] could not read dos header from C:\Windows\system32\WTSAPI32.dll
[1017/154442:ERROR:process_reader_win.cc(233)] ReadMemory at 0x69f80000 of 64 bytes failed: Only part of a ReadProcessMemory or WriteProcessMemory request was completed. (0x12B)
[1017/154442:WARNING:pe_image_reader.cc(281)] could not read dos header from C:\Windows\system32\webio.dll
[1017/154442:ERROR:process_reader_win.cc(233)] ReadMemory at 0x69fd0000 of 64 bytes failed: Only part of a ReadProcessMemory or WriteProcessMemory request was completed. (0x12B)
[1017/154442:WARNING:pe_image_reader.cc(281)] could not read dos header from C:\Windows\system32\WINHTTP.dll
[1017/154442:ERROR:process_reader_win.cc(233)] ReadMemory at 0x75330000 of 64 bytes failed: Only part of a ReadProcessMemory or WriteProcessMemory request was completed. (0x12B)
[1017/154442:WARNING:pe_image_reader.cc(281)] could not read dos header from C:\Windows\syswow64\MSCTF.dll
[1017/154442:ERROR:process_reader_win.cc(233)] ReadMemory at 0x76020000 of 64 bytes failed: Only part of a ReadProcessMemory or WriteProcessMemory request was completed. (0x12B)
[1017/154442:WARNING:pe_image_reader.cc(281)] could not read dos header from C:\Windows\system32\IMM32.DLL
[1017/154442:ERROR:process_reader_win.cc(233)] ReadMemory at 0x754d0000 of 64 bytes failed: Only part of a ReadProcessMemory or WriteProcessMemory request was completed. (0x12B)
[1017/154442:WARNING:pe_image_reader.cc(281)] could not read dos header from C:\Windows\syswow64\SHLWAPI.dll
[1017/154442:ERROR:process_reader_win.cc(233)] ReadMemory at 0x760c0000 of 64 bytes failed: Only part of a ReadProcessMemory or WriteProcessMemory request was completed. (0x12B)
[1017/154442:WARNING:pe_image_reader.cc(281)] could not read dos header from C:\Windows\syswow64\SHELL32.dll
[1017/154442:ERROR:process_reader_win.cc(233)] ReadMemory at 0x77450000 of 64 bytes failed: Only part of a ReadProcessMemory or WriteProcessMemory request was completed. (0x12B)
[1017/154442:WARNING:pe_image_reader.cc(281)] could not read dos header from C:\Windows\syswow64\PSAPI.DLL
[1017/154442:ERROR:process_reader_win.cc(233)] ReadMemory at 0x74cb0000 of 64 bytes failed: Only part of a ReadProcessMemory or WriteProcessMemory request was completed. (0x12B)
[1017/154442:WARNING:pe_image_reader.cc(281)] could not read dos header from C:\Windows\system32\WINSPOOL.DRV
[1017/154442:ERROR:process_reader_win.cc(233)] ReadMemory at 0x74700000 of 64 bytes failed: Only part of a ReadProcessMemory or WriteProcessMemory request was completed. (0x12B)
[1017/154442:WARNING:pe_image_reader.cc(281)] could not read dos header from C:\Windows\WinSxS\x86_microsoft.windows.common-controls_6595b64144ccf1df_6.0.7601.18837_none_41e855142bd5705d\COMCTL32.dll
[1017/154442:ERROR:process_reader_win.cc(233)] ReadMemory at 0x75ab0000 of 64 bytes failed: Only part of a ReadProcessMemory or WriteProcessMemory request was completed. (0x12B)
[1017/154442:WARNING:pe_image_reader.cc(281)] could not read dos header from C:\Windows\syswow64\COMDLG32.dll
[1017/154442:ERROR:process_reader_win.cc(233)] ReadMemory at 0x75d10000 of 64 bytes failed: Only part of a ReadProcessMemory or WriteProcessMemory request was completed. (0x12B)
[1017/154442:WARNING:pe_image_reader.cc(281)] could not read dos header from C:\Windows\syswow64\ole32.dll
[1017/154442:ERROR:process_reader_win.cc(233)] ReadMemory at 0x75290000 of 64 bytes failed: Only part of a ReadProcessMemory or WriteProcessMemory request was completed. (0x12B)
[1017/154442:WARNING:pe_image_reader.cc(281)] could not read dos header from C:\Windows\syswow64\OLEAUT32.dll
[1017/154442:ERROR:process_reader_win.cc(233)] ReadMemory at 0x758d0000 of 64 bytes failed: Only part of a ReadProcessMemory or WriteProcessMemory request was completed. (0x12B)
[1017/154442:WARNING:pe_image_reader.cc(281)] could not read dos header from C:\Windows\syswow64\NSI.dll
[1017/154442:ERROR:process_reader_win.cc(233)] ReadMemory at 0x74b80000 of 64 bytes failed: Only part of a ReadProcessMemory or WriteProcessMemory request was completed. (0x12B)
[1017/154442:WARNING:pe_image_reader.cc(281)] could not read dos header from C:\Windows\system32\WINNSI.DLL
[1017/154442:ERROR:process_reader_win.cc(233)] ReadMemory at 0x74b90000 of 64 bytes failed: Only part of a ReadProcessMemory or WriteProcessMemory request was completed. (0x12B)
[1017/154442:WARNING:pe_image_reader.cc(281)] could not read dos header from C:\Windows\system32\IPHLPAPI.DLL
[1017/154442:ERROR:process_reader_win.cc(233)] ReadMemory at 0x76080000 of 64 bytes failed: Only part of a ReadProcessMemory or WriteProcessMemory request was completed. (0x12B)
[1017/154442:WARNING:pe_image_reader.cc(281)] could not read dos header from C:\Windows\syswow64\WS2_32.dll
[1017/154442:ERROR:process_reader_win.cc(233)] ReadMemory at 0x75490000 of 64 bytes failed: Only part of a ReadProcessMemory or WriteProcessMemory request was completed. (0x12B)
[1017/154442:WARNING:pe_image_reader.cc(281)] could not read dos header from C:\Windows\syswow64\MSASN1.dll
[1017/154442:ERROR:process_reader_win.cc(233)] ReadMemory at 0x75b90000 of 64 bytes failed: Only part of a ReadProcessMemory or WriteProcessMemory request was completed. (0x12B)
[1017/154442:WARNING:pe_image_reader.cc(281)] could not read dos header from C:\Windows\syswow64\CRYPT32.dll
[1017/154442:ERROR:process_reader_win.cc(233)] ReadMemory at 0x77050000 of 64 bytes failed: Only part of a ReadProcessMemory or WriteProcessMemory request was completed. (0x12B)
[1017/154442:WARNING:pe_image_reader.cc(281)] could not read dos header from C:\Windows\syswow64\WINTRUST.dll
[1017/154442:ERROR:process_reader_win.cc(233)] ReadMemory at 0x742c0000 of 64 bytes failed: Only part of a ReadProcessMemory or WriteProcessMemory request was completed. (0x12B)
[1017/154442:WARNING:pe_image_reader.cc(281)] could not read dos header from C:\Windows\system32\Secur32.dll
[1017/154442:ERROR:process_reader_win.cc(233)] ReadMemory at 0x58840000 of 64 bytes failed: Only part of a ReadProcessMemory or WriteProcessMemory request was completed. (0x12B)
[1017/154442:WARNING:pe_image_reader.cc(281)] could not read dos header from C:\Program Files (x86)\Google\Chrome\Application\53.0.2785.143\chrome_child.dll
[1017/154442:ERROR:process_reader_win.cc(233)] ReadMemory at 0x70ad0000 of 64 bytes failed: Only part of a ReadProcessMemory or WriteProcessMemory request was completed. (0x12B)
[1017/154442:WARNING:pe_image_reader.cc(281)] could not read dos header from C:\Windows\system32\dwrite.dll
[1017/154442:ERROR:process_reader_win.cc(233)] ReadMemory at 0x1200000 of 64 bytes failed: Only part of a ReadProcessMemory or WriteProcessMemory request was completed. (0x12B)
[1017/154442:WARNING:pe_image_reader.cc(281)] could not read dos header from C:\Program Files (x86)\Google\Chrome\Application\chrome.exe
[1017/154442:ERROR:process_reader_win.cc(233)] ReadMemory at 0x77480000 of 64 bytes failed: Only part of a ReadProcessMemory or WriteProcessMemory request was completed. (0x12B)
[1017/154442:WARNING:pe_image_reader.cc(281)] could not read dos header from C:\Windows\SysWOW64\ntdll.dll
[1017/154442:ERROR:process_reader_win.cc(233)] ReadMemory at 0x75760000 of 64 bytes failed: Only part of a ReadProcessMemory or WriteProcessMemory request was completed. (0x12B)
[1017/154442:WARNING:pe_image_reader.cc(281)] could not read dos header from C:\Windows\syswow64\KERNELBASE.dll
[1017/154442:ERROR:process_reader_win.cc(233)] ReadMemory at 0x76d10000 of 64 bytes failed: Only part of a ReadProcessMemory or WriteProcessMemory request was completed. (0x12B)
[1017/154442:WARNING:pe_image_reader.cc(281)] could not read dos header from C:\Windows\syswow64\kernel32.dll
[1017/154442:ERROR:process_reader_win.cc(233)] ReadMemory at 0x75150000 of 64 bytes failed: Only part of a ReadProcessMemory or WriteProcessMemory request was completed. (0x12B)
[1017/154442:WARNING:pe_image_reader.cc(281)] could not read dos header from C:\Windows\syswow64\msvcrt.dll
[1017/154442:ERROR:process_reader_win.cc(233)] ReadMemory at 0x74ea0000 of 64 bytes failed: Only part of a ReadProcessMemory or WriteProcessMemory request was completed. (0x12B)
[1017/154442:WARNING:pe_image_reader.cc(281)] could not read dos header from C:\Windows\syswow64\CRYPTBASE.dll
[1017/154442:ERROR:process_reader_win.cc(233)] ReadMemory at 0x74eb0000 of 64 bytes failed: Only part of a ReadProcessMemory or WriteProcessMemory request was completed. (0x12B)
[1017/154442:WARNING:pe_image_reader.cc(281)] could not read dos header from C:\Windows\syswow64\SspiCli.dll
[1017/154442:ERROR:process_reader_win.cc(233)] ReadMemory at 0x75f30000 of 64 bytes failed: Only part of a ReadProcessMemory or WriteProcessMemory request was completed. (0x12B)
[1017/154442:WARNING:pe_image_reader.cc(281)] could not read dos header from C:\Windows\syswow64\RPCRT4.dll
[1017/154442:ERROR:process_reader_win.cc(233)] ReadMemory at 0x74f10000 of 64 bytes failed: Only part of a ReadProcessMemory or WriteProcessMemory request was completed. (0x12B)
[1017/154442:WARNING:pe_image_reader.cc(281)] could not read dos header from C:\Windows\SysWOW64\sechost.dll
[1017/154442:ERROR:process_reader_win.cc(233)] ReadMemory at 0x75e80000 of 64 bytes failed: Only part of a ReadProcessMemory or WriteProcessMemory request was completed. (0x12B)
[1017/154442:WARNING:pe_image_reader.cc(281)] could not read dos header from C:\Windows\syswow64\ADVAPI32.dll
[1017/154442:ERROR:process_reader_win.cc(233)] ReadMemory at 0x624a0000 of 64 bytes failed: Only part of a ReadProcessMemory or WriteProcessMemory request was completed. (0x12B)
[1017/154442:WARNING:pe_image_reader.cc(281)] could not read dos header from C:\Program Files (x86)\Google\Chrome\Application\53.0.2785.143\chrome_elf.dll
[1017/154442:ERROR:process_reader_win.cc(233)] ReadMemory at 0x74d10000 of 64 bytes failed: Only part of a ReadProcessMemory or WriteProcessMemory request was completed. (0x12B)
[1017/154442:WARNING:pe_image_reader.cc(281)] could not read dos header from C:\Windows\system32\VERSION.dll
[1017/154442:ERROR:process_reader_win.cc(233)] ReadMemory at 0x76f20000 of 64 bytes failed: Only part of a ReadProcessMemory or WriteProcessMemory request was completed. (0x12B)
[1017/154442:WARNING:pe_image_reader.cc(281)] could not read dos header from C:\Windows\syswow64\USP10.dll
[1017/154442:ERROR:process_reader_win.cc(233)] ReadMemory at 0x75cf0000 of 64 bytes failed: Only part of a ReadProcessMemory or WriteProcessMemory request was completed. (0x12B)
[1017/154442:WARNING:pe_image_reader.cc(281)] could not read dos header from C:\Windows\syswow64\LPK.dll
[1017/154442:ERROR:process_reader_win.cc(233)] ReadMemory at 0x76fc0000 of 64 bytes failed: Only part of a ReadProcessMemory or WriteProcessMemory request was completed. (0x12B)
[1017/154442:WARNING:pe_image_reader.cc(281)] could not read dos header from C:\Windows\syswow64\GDI32.dll
[1017/154442:ERROR:process_reader_win.cc(233)] ReadMemory at 0x76e20000 of 64 bytes failed: Only part of a ReadProcessMemory or WriteProcessMemory request was completed. (0x12B)
[1017/154442:WARNING:pe_image_reader.cc(281)] could not read dos header from C:\Windows\syswow64\USER32.dll
[1017/154442:ERROR:process_reader_win.cc(233)] ReadMemory at 0x740e0000 of 64 bytes failed: Only part of a ReadProcessMemory or WriteProcessMemory request was completed. (0x12B)
[1017/154442:WARNING:pe_image_reader.cc(281)] could not read dos header from C:\Windows\system32\WINMM.dll
[1017/154442:ERROR:process_reader_win.cc(233)] ReadMemory at 0x74ca0000 of 64 bytes failed: Only part of a ReadProcessMemory or WriteProcessMemory request was completed. (0x12B)
[1017/154442:WARNING:pe_image_reader.cc(281)] could not read dos header from C:\Windows\system32\profapi.dll
[1017/154442:ERROR:process_reader_win.cc(233)] ReadMemory at 0x74ab0000 of 64 bytes failed: Only part of a ReadProcessMemory or WriteProcessMemory request was completed. (0x12B)
[1017/154442:WARNING:pe_image_reader.cc(281)] could not read dos header from C:\Windows\system32\USERENV.dll
[1017/154442:ERROR:process_reader_win.cc(233)] ReadMemory at 0x74b70000 of 64 bytes failed: Only part of a ReadProcessMemory or WriteProcessMemory request was completed. (0x12B)
[1017/154442:WARNING:pe_image_reader.cc(281)] could not read dos header from C:\Windows\system32\WTSAPI32.dll
[1017/154442:ERROR:process_reader_win.cc(233)] ReadMemory at 0x69f80000 of 64 bytes failed: Only part of a ReadProcessMemory or WriteProcessMemory request was completed. (0x12B)
[1017/154442:WARNING:pe_image_reader.cc(281)] could not read dos header from C:\Windows\system32\webio.dll
[1017/154442:ERROR:process_reader_win.cc(233)] ReadMemory at 0x69fd0000 of 64 bytes failed: Only part of a ReadProcessMemory or WriteProcessMemory request was completed. (0x12B)
[1017/154442:WARNING:pe_image_reader.cc(281)] could not read dos header from C:\Windows\system32\WINHTTP.dll
[1017/154442:ERROR:process_reader_win.cc(233)] ReadMemory at 0x75330000 of 64 bytes failed: Only part of a ReadProcessMemory or WriteProcessMemory request was completed. (0x12B)
[1017/154442:WARNING:pe_image_reader.cc(281)] could not read dos header from C:\Windows\syswow64\MSCTF.dll
[1017/154442:ERROR:process_reader_win.cc(233)] ReadMemory at 0x76020000 of 64 bytes failed: Only part of a ReadProcessMemory or WriteProcessMemory request was completed. (0x12B)
[1017/154442:WARNING:pe_image_reader.cc(281)] could not read dos header from C:\Windows\system32\IMM32.DLL
[1017/154442:ERROR:process_reader_win.cc(233)] ReadMemory at 0x754d0000 of 64 bytes failed: Only part of a ReadProcessMemory or WriteProcessMemory request was completed. (0x12B)
[1017/154442:WARNING:pe_image_reader.cc(281)] could not read dos header from C:\Windows\syswow64\SHLWAPI.dll
[1017/154442:ERROR:process_reader_win.cc(233)] ReadMemory at 0x760c0000 of 64 bytes failed: Only part of a ReadProcessMemory or WriteProcessMemory request was completed. (0x12B)
[1017/154442:WARNING:pe_image_reader.cc(281)] could not read dos header from C:\Windows\syswow64\SHELL32.dll
[1017/154442:ERROR:process_reader_win.cc(233)] ReadMemory at 0x77450000 of 64 bytes failed: Only part of a ReadProcessMemory or WriteProcessMemory request was completed. (0x12B)
[1017/154442:WARNING:pe_image_reader.cc(281)] could not read dos header from C:\Windows\syswow64\PSAPI.DLL
[1017/154442:ERROR:process_reader_win.cc(233)] ReadMemory at 0x74cb0000 of 64 bytes failed: Only part of a ReadProcessMemory or WriteProcessMemory request was completed. (0x12B)
[1017/154442:WARNING:pe_image_reader.cc(281)] could not read dos header from C:\Windows\system32\WINSPOOL.DRV
[1017/154442:ERROR:process_reader_win.cc(233)] ReadMemory at 0x74700000 of 64 bytes failed: Only part of a ReadProcessMemory or WriteProcessMemory request was completed. (0x12B)
[1017/154442:WARNING:pe_image_reader.cc(281)] could not read dos header from C:\Windows\WinSxS\x86_microsoft.windows.common-controls_6595b64144ccf1df_6.0.7601.18837_none_41e855142bd5705d\COMCTL32.dll
[1017/154442:ERROR:process_reader_win.cc(233)] ReadMemory at 0x75ab0000 of 64 bytes failed: Only part of a ReadProcessMemory or WriteProcessMemory request was completed. (0x12B)
[1017/154442:WARNING:pe_image_reader.cc(281)] could not read dos header from C:\Windows\syswow64\COMDLG32.dll
[1017/154442:ERROR:process_reader_win.cc(233)] ReadMemory at 0x75d10000 of 64 bytes failed: Only part of a ReadProcessMemory or WriteProcessMemory request was completed. (0x12B)
[1017/154442:WARNING:pe_image_reader.cc(281)] could not read dos header from C:\Windows\syswow64\ole32.dll
[1017/154442:ERROR:process_reader_win.cc(233)] ReadMemory at 0x75290000 of 64 bytes failed: Only part of a ReadProcessMemory or WriteProcessMemory request was completed. (0x12B)
[1017/154442:WARNING:pe_image_reader.cc(281)] could not read dos header from C:\Windows\syswow64\OLEAUT32.dll
[1017/154442:ERROR:process_reader_win.cc(233)] ReadMemory at 0x758d0000 of 64 bytes failed: Only part of a ReadProcessMemory or WriteProcessMemory request was completed. (0x12B)
[1017/154442:WARNING:pe_image_reader.cc(281)] could not read dos header from C:\Windows\syswow64\NSI.dll
[1017/154442:ERROR:process_reader_win.cc(233)] ReadMemory at 0x74b80000 of 64 bytes failed: Only part of a ReadProcessMemory or WriteProcessMemory request was completed. (0x12B)
[1017/154442:WARNING:pe_image_reader.cc(281)] could not read dos header from C:\Windows\system32\WINNSI.DLL
[1017/154442:ERROR:process_reader_win.cc(233)] ReadMemory at 0x74b90000 of 64 bytes failed: Only part of a ReadProcessMemory or WriteProcessMemory request was completed. (0x12B)
[1017/154442:WARNING:pe_image_reader.cc(281)] could not read dos header from C:\Windows\system32\IPHLPAPI.DLL
[1017/154442:ERROR:process_reader_win.cc(233)] ReadMemory at 0x76080000 of 64 bytes failed: Only part of a ReadProcessMemory or WriteProcessMemory request was completed. (0x12B)
[1017/154442:WARNING:pe_image_reader.cc(281)] could not read dos header from C:\Windows\syswow64\WS2_32.dll
[1017/154442:ERROR:process_reader_win.cc(233)] ReadMemory at 0x75490000 of 64 bytes failed: Only part of a ReadProcessMemory or WriteProcessMemory request was completed. (0x12B)
[1017/154442:WARNING:pe_image_reader.cc(281)] could not read dos header from C:\Windows\syswow64\MSASN1.dll
[1017/154442:ERROR:process_reader_win.cc(233)] ReadMemory at 0x75b90000 of 64 bytes failed: Only part of a ReadProcessMemory or WriteProcessMemory request was completed. (0x12B)
[1017/154442:WARNING:pe_image_reader.cc(281)] could not read dos header from C:\Windows\syswow64\CRYPT32.dll
[1017/154442:ERROR:process_reader_win.cc(233)] ReadMemory at 0x77050000 of 64 bytes failed: Only part of a ReadProcessMemory or WriteProcessMemory request was completed. (0x12B)
[1017/154442:WARNING:pe_image_reader.cc(281)] could not read dos header from C:\Windows\syswow64\WINTRUST.dll
[1017/154442:ERROR:process_reader_win.cc(233)] ReadMemory at 0x742c0000 of 64 bytes failed: Only part of a ReadProcessMemory or WriteProcessMemory request was completed. (0x12B)
[1017/154442:WARNING:pe_image_reader.cc(281)] could not read dos header from C:\Windows\system32\Secur32.dll
[1017/154442:ERROR:process_reader_win.cc(233)] ReadMemory at 0x58840000 of 64 bytes failed: Only part of a ReadProcessMemory or WriteProcessMemory request was completed. (0x12B)
[1017/154442:WARNING:pe_image_reader.cc(281)] could not read dos header from C:\Program Files (x86)\Google\Chrome\Application\53.0.2785.143\chrome_child.dll
[1017/154442:ERROR:process_reader_win.cc(233)] ReadMemory at 0x70ad0000 of 64 bytes failed: Only part of a ReadProcessMemory or WriteProcessMemory request was completed. (0x12B)
[1017/154442:WARNING:pe_image_reader.cc(281)] could not read dos header from C:\Windows\system32\dwrite.dll
[1017/154442:ERROR:process_reader_win.cc(233)] ReadMemory at 0x1200000 of 64 bytes failed: Only part of a ReadProcessMemory or WriteProcessMemory request was completed. (0x12B)
[1017/154442:WARNING:pe_image_reader.cc(281)] could not read dos header from C:\Program Files (x86)\Google\Chrome\Application\chrome.exe
[1017/154442:ERROR:process_reader_win.cc(233)] ReadMemory at 0x77480000 of 64 bytes failed: Only part of a ReadProcessMemory or WriteProcessMemory request was completed. (0x12B)
[1017/154442:WARNING:pe_image_reader.cc(281)] could not read dos header from C:\Windows\SysWOW64\ntdll.dll
[1017/154442:ERROR:process_reader_win.cc(233)] ReadMemory at 0x75760000 of 64 bytes failed: Only part of a ReadProcessMemory or WriteProcessMemory request was completed. (0x12B)
[1017/154442:WARNING:pe_image_reader.cc(281)] could not read dos header from C:\Windows\syswow64\KERNELBASE.dll
[1017/154442:ERROR:process_reader_win.cc(233)] ReadMemory at 0x76d10000 of 64 bytes failed: Only part of a ReadProcessMemory or WriteProcessMemory request was completed. (0x12B)
[1017/154442:WARNING:pe_image_reader.cc(281)] could not read dos header from C:\Windows\syswow64\kernel32.dll
[1017/154442:ERROR:process_reader_win.cc(233)] ReadMemory at 0x75150000 of 64 bytes failed: Only part of a ReadProcessMemory or WriteProcessMemory request was completed. (0x12B)
[1017/154442:WARNING:pe_image_reader.cc(281)] could not read dos header from C:\Windows\syswow64\msvcrt.dll
[1017/154442:ERROR:process_reader_win.cc(233)] ReadMemory at 0x74ea0000 of 64 bytes failed: Only part of a ReadProcessMemory or WriteProcessMemory request was completed. (0x12B)
[1017/154442:WARNING:pe_image_reader.cc(281)] could not read dos header from C:\Windows\syswow64\CRYPTBASE.dll
[1017/154442:ERROR:process_reader_win.cc(233)] ReadMemory at 0x74eb0000 of 64 bytes failed: Only part of a ReadProcessMemory or WriteProcessMemory request was completed. (0x12B)
[1017/154442:WARNING:pe_image_reader.cc(281)] could not read dos header from C:\Windows\syswow64\SspiCli.dll
[1017/154442:ERROR:process_reader_win.cc(233)] ReadMemory at 0x75f30000 of 64 bytes failed: Only part of a ReadProcessMemory or WriteProcessMemory request was completed. (0x12B)
[1017/154442:WARNING:pe_image_reader.cc(281)] could not read dos header from C:\Windows\syswow64\RPCRT4.dll
[1017/154442:ERROR:process_reader_win.cc(233)] ReadMemory at 0x74f10000 of 64 bytes failed: Only part of a ReadProcessMemory or WriteProcessMemory request was completed. (0x12B)
[1017/154442:WARNING:pe_image_reader.cc(281)] could not read dos header from C:\Windows\SysWOW64\sechost.dll
[1017/154442:ERROR:process_reader_win.cc(233)] ReadMemory at 0x75e80000 of 64 bytes failed: Only part of a ReadProcessMemory or WriteProcessMemory request was completed. (0x12B)
[1017/154442:WARNING:pe_image_reader.cc(281)] could not read dos header from C:\Windows\syswow64\ADVAPI32.dll
[1017/154442:ERROR:process_reader_win.cc(233)] ReadMemory at 0x624a0000 of 64 bytes failed: Only part of a ReadProcessMemory or WriteProcessMemory request was completed. (0x12B)
[1017/154442:WARNING:pe_image_reader.cc(281)] could not read dos header from C:\Program Files (x86)\Google\Chrome\Application\53.0.2785.143\chrome_elf.dll
[1017/154442:ERROR:process_reader_win.cc(233)] ReadMemory at 0x74d10000 of 64 bytes failed: Only part of a ReadProcessMemory or WriteProcessMemory request was completed. (0x12B)
[1017/154442:WARNING:pe_image_reader.cc(281)] could not read dos header from C:\Windows\system32\VERSION.dll
[1017/154442:ERROR:process_reader_win.cc(233)] ReadMemory at 0x76f20000 of 64 bytes failed: Only part of a ReadProcessMemory or WriteProcessMemory request was completed. (0x12B)
[1017/154442:WARNING:pe_image_reader.cc(281)] could not read dos header from C:\Windows\syswow64\USP10.dll
[1017/154442:ERROR:process_reader_win.cc(233)] ReadMemory at 0x75cf0000 of 64 bytes failed: Only part of a ReadProcessMemory or WriteProcessMemory request was completed. (0x12B)
[1017/154442:WARNING:pe_image_reader.cc(281)] could not read dos header from C:\Windows\syswow64\LPK.dll
[1017/154442:ERROR:process_reader_win.cc(233)] ReadMemory at 0x76fc0000 of 64 bytes failed: Only part of a ReadProcessMemory or WriteProcessMemory request was completed. (0x12B)
[1017/154442:WARNING:pe_image_reader.cc(281)] could not read dos header from C:\Windows\syswow64\GDI32.dll
[1017/154442:ERROR:process_reader_win.cc(233)] ReadMemory at 0x76e20000 of 64 bytes failed: Only part of a ReadProcessMemory or WriteProcessMemory request was completed. (0x12B)
[1017/154442:WARNING:pe_image_reader.cc(281)] could not read dos header from C:\Windows\syswow64\USER32.dll
[1017/154442:ERROR:process_reader_win.cc(233)] ReadMemory at 0x740e0000 of 64 bytes failed: Only part of a ReadProcessMemory or WriteProcessMemory request was completed. (0x12B)
[1017/154442:WARNING:pe_image_reader.cc(281)] could not read dos header from C:\Windows\system32\WINMM.dll
[1017/154442:ERROR:process_reader_win.cc(233)] ReadMemory at 0x74ca0000 of 64 bytes failed: Only part of a ReadProcessMemory or WriteProcessMemory request was completed. (0x12B)
[1017/154442:WARNING:pe_image_reader.cc(281)] could not read dos header from C:\Windows\system32\profapi.dll
[1017/154442:ERROR:process_reader_win.cc(233)] ReadMemory at 0x74ab0000 of 64 bytes failed: Only part of a ReadProcessMemory or WriteProcessMemory request was completed. (0x12B)
[1017/154442:WARNING:pe_image_reader.cc(281)] could not read dos header from C:\Windows\system32\USERENV.dll
[1017/154442:ERROR:process_reader_win.cc(233)] ReadMemory at 0x74b70000 of 64 bytes failed: Only part of a ReadProcessMemory or WriteProcessMemory request was completed. (0x12B)
[1017/154442:WARNING:pe_image_reader.cc(281)] could not read dos header from C:\Windows\system32\WTSAPI32.dll
[1017/154442:ERROR:process_reader_win.cc(233)] ReadMemory at 0x69f80000 of 64 bytes failed: Only part of a ReadProcessMemory or WriteProcessMemory request was completed. (0x12B)
[1017/154442:WARNING:pe_image_reader.cc(281)] could not read dos header from C:\Windows\system32\webio.dll
[1017/154442:ERROR:process_reader_win.cc(233)] ReadMemory at 0x69fd0000 of 64 bytes failed: Only part of a ReadProcessMemory or WriteProcessMemory request was completed. (0x12B)
[1017/154442:WARNING:pe_image_reader.cc(281)] could not read dos header from C:\Windows\system32\WINHTTP.dll
[1017/154442:ERROR:process_reader_win.cc(233)] ReadMemory at 0x75330000 of 64 bytes failed: Only part of a ReadProcessMemory or WriteProcessMemory request was completed. (0x12B)
[1017/154442:WARNING:pe_image_reader.cc(281)] could not read dos header from C:\Windows\syswow64\MSCTF.dll
[1017/154442:ERROR:process_reader_win.cc(233)] ReadMemory at 0x76020000 of 64 bytes failed: Only part of a ReadProcessMemory or WriteProcessMemory request was completed. (0x12B)
[1017/154442:WARNING:pe_image_reader.cc(281)] could not read dos header from C:\Windows\system32\IMM32.DLL
[1017/154442:ERROR:process_reader_win.cc(233)] ReadMemory at 0x754d0000 of 64 bytes failed: Only part of a ReadProcessMemory or WriteProcessMemory request was completed. (0x12B)
[1017/154442:WARNING:pe_image_reader.cc(281)] could not read dos header from C:\Windows\syswow64\SHLWAPI.dll
[1017/154442:ERROR:process_reader_win.cc(233)] ReadMemory at 0x760c0000 of 64 bytes failed: Only part of a ReadProcessMemory or WriteProcessMemory request was completed. (0x12B)
[1017/154442:WARNING:pe_image_reader.cc(281)] could not read dos header from C:\Windows\syswow64\SHELL32.dll
[1017/154442:ERROR:process_reader_win.cc(233)] ReadMemory at 0x77450000 of 64 bytes failed: Only part of a ReadProcessMemory or WriteProcessMemory request was completed. (0x12B)
[1017/154442:WARNING:pe_image_reader.cc(281)] could not read dos header from C:\Windows\syswow64\PSAPI.DLL
[1017/154442:ERROR:process_reader_win.cc(233)] ReadMemory at 0x74cb0000 of 64 bytes failed: Only part of a ReadProcessMemory or WriteProcessMemory request was completed. (0x12B)
[1017/154442:WARNING:pe_image_reader.cc(281)] could not read dos header from C:\Windows\system32\WINSPOOL.DRV
[1017/154442:ERROR:process_reader_win.cc(233)] ReadMemory at 0x74700000 of 64 bytes failed: Only part of a ReadProcessMemory or WriteProcessMemory request was completed. (0x12B)
[1017/154442:WARNING:pe_image_reader.cc(281)] could not read dos header from C:\Windows\WinSxS\x86_microsoft.windows.common-controls_6595b64144ccf1df_6.0.7601.18837_none_41e855142bd5705d\COMCTL32.dll
[1017/154442:ERROR:process_reader_win.cc(233)] ReadMemory at 0x75ab0000 of 64 bytes failed: Only part of a ReadProcessMemory or WriteProcessMemory request was completed. (0x12B)
[1017/154442:WARNING:pe_image_reader.cc(281)] could not read dos header from C:\Windows\syswow64\COMDLG32.dll
[1017/154442:ERROR:process_reader_win.cc(233)] ReadMemory at 0x75d10000 of 64 bytes failed: Only part of a ReadProcessMemory or WriteProcessMemory request was completed. (0x12B)
[1017/154442:WARNING:pe_image_reader.cc(281)] could not read dos header from C:\Windows\syswow64\ole32.dll
[1017/154442:ERROR:process_reader_win.cc(233)] ReadMemory at 0x75290000 of 64 bytes failed: Only part of a ReadProcessMemory or WriteProcessMemory request was completed. (0x12B)
[1017/154442:WARNING:pe_image_reader.cc(281)] could not read dos header from C:\Windows\syswow64\OLEAUT32.dll
[1017/154442:ERROR:process_reader_win.cc(233)] ReadMemory at 0x758d0000 of 64 bytes failed: Only part of a ReadProcessMemory or WriteProcessMemory request was completed. (0x12B)
[1017/154442:WARNING:pe_image_reader.cc(281)] could not read dos header from C:\Windows\syswow64\NSI.dll
[1017/154442:ERROR:process_reader_win.cc(233)] ReadMemory at 0x74b80000 of 64 bytes failed: Only part of a ReadProcessMemory or WriteProcessMemory request was completed. (0x12B)
[1017/154442:WARNING:pe_image_reader.cc(281)] could not read dos header from C:\Windows\system32\WINNSI.DLL
[1017/154442:ERROR:process_reader_win.cc(233)] ReadMemory at 0x74b90000 of 64 bytes failed: Only part of a ReadProcessMemory or WriteProcessMemory request was completed. (0x12B)
[1017/154442:WARNING:pe_image_reader.cc(281)] could not read dos header from C:\Windows\system32\IPHLPAPI.DLL
[1017/154442:ERROR:process_reader_win.cc(233)] ReadMemory at 0x76080000 of 64 bytes failed: Only part of a ReadProcessMemory or WriteProcessMemory request was completed. (0x12B)
[1017/154442:WARNING:pe_image_reader.cc(281)] could not read dos header from C:\Windows\syswow64\WS2_32.dll
[1017/154442:ERROR:process_reader_win.cc(233)] ReadMemory at 0x75490000 of 64 bytes failed: Only part of a ReadProcessMemory or WriteProcessMemory request was completed. (0x12B)
[1017/154442:WARNING:pe_image_reader.cc(281)] could not read dos header from C:\Windows\syswow64\MSASN1.dll
[1017/154442:ERROR:process_reader_win.cc(233)] ReadMemory at 0x75b90000 of 64 bytes failed: Only part of a ReadProcessMemory or WriteProcessMemory request was completed. (0x12B)
[1017/154442:WARNING:pe_image_reader.cc(281)] could not read dos header from C:\Windows\syswow64\CRYPT32.dll
[1017/154442:ERROR:process_reader_win.cc(233)] ReadMemory at 0x77050000 of 64 bytes failed: Only part of a ReadProcessMemory or WriteProcessMemory request was completed. (0x12B)
[1017/154442:WARNING:pe_image_reader.cc(281)] could not read dos header from C:\Windows\syswow64\WINTRUST.dll
[1017/154442:ERROR:process_reader_win.cc(233)] ReadMemory at 0x742c0000 of 64 bytes failed: Only part of a ReadProcessMemory or WriteProcessMemory request was completed. (0x12B)
[1017/154442:WARNING:pe_image_reader.cc(281)] could not read dos header from C:\Windows\system32\Secur32.dll
[1017/154442:ERROR:process_reader_win.cc(233)] ReadMemory at 0x58840000 of 64 bytes failed: Only part of a ReadProcessMemory or WriteProcessMemory request was completed. (0x12B)
[1017/154442:WARNING:pe_image_reader.cc(281)] could not read dos header from C:\Program Files (x86)\Google\Chrome\Application\53.0.2785.143\chrome_child.dll
[1017/154442:ERROR:process_reader_win.cc(233)] ReadMemory at 0x70ad0000 of 64 bytes failed: Only part of a ReadProcessMemory or WriteProcessMemory request was completed. (0x12B)
[1017/154442:WARNING:pe_image_reader.cc(281)] could not read dos header from C:\Windows\system32\dwrite.dll
[1017/154442:ERROR:process_reader_win.cc(233)] ReadMemory at 0x1200000 of 64 bytes failed: Only part of a ReadProcessMemory or WriteProcessMemory request was completed. (0x12B)
[1017/154442:WARNING:pe_image_reader.cc(281)] could not read dos header from C:\Program Files (x86)\Google\Chrome\Application\chrome.exe
[1017/154442:ERROR:process_reader_win.cc(233)] ReadMemory at 0x77480000 of 64 bytes failed: Only part of a ReadProcessMemory or WriteProcessMemory request was completed. (0x12B)
[1017/154442:WARNING:pe_image_reader.cc(281)] could not read dos header from C:\Windows\SysWOW64\ntdll.dll
[1017/154442:ERROR:process_reader_win.cc(233)] ReadMemory at 0x75760000 of 64 bytes failed: Only part of a ReadProcessMemory or WriteProcessMemory request was completed. (0x12B)
[1017/154442:WARNING:pe_image_reader.cc(281)] could not read dos header from C:\Windows\syswow64\KERNELBASE.dll
[1017/154442:ERROR:process_reader_win.cc(233)] ReadMemory at 0x76d10000 of 64 bytes failed: Only part of a ReadProcessMemory or WriteProcessMemory request was completed. (0x12B)
[1017/154442:WARNING:pe_image_reader.cc(281)] could not read dos header from C:\Windows\syswow64\kernel32.dll
[1017/154442:ERROR:process_reader_win.cc(233)] ReadMemory at 0x75150000 of 64 bytes failed: Only part of a ReadProcessMemory or WriteProcessMemory request was completed. (0x12B)
[1017/154442:WARNING:pe_image_reader.cc(281)] could not read dos header from C:\Windows\syswow64\msvcrt.dll
[1017/154442:ERROR:process_reader_win.cc(233)] ReadMemory at 0x74ea0000 of 64 bytes failed: Only part of a ReadProcessMemory or WriteProcessMemory request was completed. (0x12B)
[1017/154442:WARNING:pe_image_reader.cc(281)] could not read dos header from C:\Windows\syswow64\CRYPTBASE.dll
[1017/154442:ERROR:process_reader_win.cc(233)] ReadMemory at 0x74eb0000 of 64 bytes failed: Only part of a ReadProcessMemory or WriteProcessMemory request was completed. (0x12B)
[1017/154442:WARNING:pe_image_reader.cc(281)] could not read dos header from C:\Windows\syswow64\SspiCli.dll
[1017/154442:ERROR:process_reader_win.cc(233)] ReadMemory at 0x75f30000 of 64 bytes failed: Only part of a ReadProcessMemory or WriteProcessMemory request was completed. (0x12B)
[1017/154442:WARNING:pe_image_reader.cc(281)] could not read dos header from C:\Windows\syswow64\RPCRT4.dll
[1017/154442:ERROR:process_reader_win.cc(233)] ReadMemory at 0x74f10000 of 64 bytes failed: Only part of a ReadProcessMemory or WriteProcessMemory request was completed. (0x12B)
[1017/154442:WARNING:pe_image_reader.cc(281)] could not read dos header from C:\Windows\SysWOW64\sechost.dll
[1017/154442:ERROR:process_reader_win.cc(233)] ReadMemory at 0x75e80000 of 64 bytes failed: Only part of a ReadProcessMemory or WriteProcessMemory request was completed. (0x12B)
[1017/154442:WARNING:pe_image_reader.cc(281)] could not read dos header from C:\Windows\syswow64\ADVAPI32.dll
[1017/154442:ERROR:process_reader_win.cc(233)] ReadMemory at 0x624a0000 of 64 bytes failed: Only part of a ReadProcessMemory or WriteProcessMemory request was completed. (0x12B)
[1017/154442:WARNING:pe_image_reader.cc(281)] could not read dos header from C:\Program Files (x86)\Google\Chrome\Application\53.0.2785.143\chrome_elf.dll
[1017/154442:ERROR:process_reader_win.cc(233)] ReadMemory at 0x74d10000 of 64 bytes failed: Only part of a ReadProcessMemory or WriteProcessMemory request was completed. (0x12B)
[1017/154442:WARNING:pe_image_reader.cc(281)] could not read dos header from C:\Windows\system32\VERSION.dll
[1017/154442:ERROR:process_reader_win.cc(233)] ReadMemory at 0x76f20000 of 64 bytes failed: Only part of a ReadProcessMemory or WriteProcessMemory request was completed. (0x12B)
[1017/154442:WARNING:pe_image_reader.cc(281)] could not read dos header from C:\Windows\syswow64\USP10.dll
[1017/154442:ERROR:process_reader_win.cc(233)] ReadMemory at 0x75cf0000 of 64 bytes failed: Only part of a ReadProcessMemory or WriteProcessMemory request was completed. (0x12B)
[1017/154442:WARNING:pe_image_reader.cc(281)] could not read dos header from C:\Windows\syswow64\LPK.dll
[1017/154442:ERROR:process_reader_win.cc(233)] ReadMemory at 0x76fc0000 of 64 bytes failed: Only part of a ReadProcessMemory or WriteProcessMemory request was completed. (0x12B)
[1017/154442:WARNING:pe_image_reader.cc(281)] could not read dos header from C:\Windows\syswow64\GDI32.dll
[1017/154442:ERROR:process_reader_win.cc(233)] ReadMemory at 0x76e20000 of 64 bytes failed: Only part of a ReadProcessMemory or WriteProcessMemory request was completed. (0x12B)
[1017/154442:WARNING:pe_image_reader.cc(281)] could not read dos header from C:\Windows\syswow64\USER32.dll
[1017/154442:ERROR:process_reader_win.cc(233)] ReadMemory at 0x740e0000 of 64 bytes failed: Only part of a ReadProcessMemory or WriteProcessMemory request was completed. (0x12B)
[1017/154442:WARNING:pe_image_reader.cc(281)] could not read dos header from C:\Windows\system32\WINMM.dll
[1017/154442:ERROR:process_reader_win.cc(233)] ReadMemory at 0x74ca0000 of 64 bytes failed: Only part of a ReadProcessMemory or WriteProcessMemory request was completed. (0x12B)
[1017/154442:WARNING:pe_image_reader.cc(281)] could not read dos header from C:\Windows\system32\profapi.dll
[1017/154442:ERROR:process_reader_win.cc(233)] ReadMemory at 0x74ab0000 of 64 bytes failed: Only part of a ReadProcessMemory or WriteProcessMemory request was completed. (0x12B)
[1017/154442:WARNING:pe_image_reader.cc(281)] could not read dos header from C:\Windows\system32\USERENV.dll
[1017/154442:ERROR:process_reader_win.cc(233)] ReadMemory at 0x74b70000 of 64 bytes failed: Only part of a ReadProcessMemory or WriteProcessMemory request was completed. (0x12B)
[1017/154442:WARNING:pe_image_reader.cc(281)] could not read dos header from C:\Windows\system32\WTSAPI32.dll
[1017/154442:ERROR:process_reader_win.cc(233)] ReadMemory at 0x69f80000 of 64 bytes failed: Only part of a ReadProcessMemory or WriteProcessMemory request was completed. (0x12B)
[1017/154442:WARNING:pe_image_reader.cc(281)] could not read dos header from C:\Windows\system32\webio.dll
[1017/154442:ERROR:process_reader_win.cc(233)] ReadMemory at 0x69fd0000 of 64 bytes failed: Only part of a ReadProcessMemory or WriteProcessMemory request was completed. (0x12B)
[1017/154442:WARNING:pe_image_reader.cc(281)] could not read dos header from C:\Windows\system32\WINHTTP.dll
[1017/154442:ERROR:process_reader_win.cc(233)] ReadMemory at 0x75330000 of 64 bytes failed: Only part of a ReadProcessMemory or WriteProcessMemory request was completed. (0x12B)
[1017/154442:WARNING:pe_image_reader.cc(281)] could not read dos header from C:\Windows\syswow64\MSCTF.dll
[1017/154442:ERROR:process_reader_win.cc(233)] ReadMemory at 0x76020000 of 64 bytes failed: Only part of a ReadProcessMemory or WriteProcessMemory request was completed. (0x12B)
[1017/154442:WARNING:pe_image_reader.cc(281)] could not read dos header from C:\Windows\system32\IMM32.DLL
[1017/154442:ERROR:process_reader_win.cc(233)] ReadMemory at 0x754d0000 of 64 bytes failed: Only part of a ReadProcessMemory or WriteProcessMemory request was completed. (0x12B)
[1017/154442:WARNING:pe_image_reader.cc(281)] could not read dos header from C:\Windows\syswow64\SHLWAPI.dll
[1017/154442:ERROR:process_reader_win.cc(233)] ReadMemory at 0x760c0000 of 64 bytes failed: Only part of a ReadProcessMemory or WriteProcessMemory request was completed. (0x12B)
[1017/154442:WARNING:pe_image_reader.cc(281)] could not read dos header from C:\Windows\syswow64\SHELL32.dll
[1017/154442:ERROR:process_reader_win.cc(233)] ReadMemory at 0x77450000 of 64 bytes failed: Only part of a ReadProcessMemory or WriteProcessMemory request was completed. (0x12B)
[1017/154442:WARNING:pe_image_reader.cc(281)] could not read dos header from C:\Windows\syswow64\PSAPI.DLL
[1017/154442:ERROR:process_reader_win.cc(233)] ReadMemory at 0x74cb0000 of 64 bytes failed: Only part of a ReadProcessMemory or WriteProcessMemory request was completed. (0x12B)
[1017/154442:WARNING:pe_image_reader.cc(281)] could not read dos header from C:\Windows\system32\WINSPOOL.DRV
[1017/154442:ERROR:process_reader_win.cc(233)] ReadMemory at 0x74700000 of 64 bytes failed: Only part of a ReadProcessMemory or WriteProcessMemory request was completed. (0x12B)
[1017/154442:WARNING:pe_image_reader.cc(281)] could not read dos header from C:\Windows\WinSxS\x86_microsoft.windows.common-controls_6595b64144ccf1df_6.0.7601.18837_none_41e855142bd5705d\COMCTL32.dll
[1017/154442:ERROR:process_reader_win.cc(233)] ReadMemory at 0x75ab0000 of 64 bytes failed: Only part of a ReadProcessMemory or WriteProcessMemory request was completed. (0x12B)
[1017/154442:WARNING:pe_image_reader.cc(281)] could not read dos header from C:\Windows\syswow64\COMDLG32.dll
[1017/154442:ERROR:process_reader_win.cc(233)] ReadMemory at 0x75d10000 of 64 bytes failed: Only part of a ReadProcessMemory or WriteProcessMemory request was completed. (0x12B)
[1017/154442:WARNING:pe_image_reader.cc(281)] could not read dos header from C:\Windows\syswow64\ole32.dll
[1017/154442:ERROR:process_reader_win.cc(233)] ReadMemory at 0x75290000 of 64 bytes failed: Only part of a ReadProcessMemory or WriteProcessMemory request was completed. (0x12B)
[1017/154442:WARNING:pe_image_reader.cc(281)] could not read dos header from C:\Windows\syswow64\OLEAUT32.dll
[1017/154442:ERROR:process_reader_win.cc(233)] ReadMemory at 0x758d0000 of 64 bytes failed: Only part of a ReadProcessMemory or WriteProcessMemory request was completed. (0x12B)
[1017/154442:WARNING:pe_image_reader.cc(281)] could not read dos header from C:\Windows\syswow64\NSI.dll
[1017/154442:ERROR:process_reader_win.cc(233)] ReadMemory at 0x74b80000 of 64 bytes failed: Only part of a ReadProcessMemory or WriteProcessMemory request was completed. (0x12B)
[1017/154442:WARNING:pe_image_reader.cc(281)] could not read dos header from C:\Windows\system32\WINNSI.DLL
[1017/154442:ERROR:process_reader_win.cc(233)] ReadMemory at 0x74b90000 of 64 bytes failed: Only part of a ReadProcessMemory or WriteProcessMemory request was completed. (0x12B)
[1017/154442:WARNING:pe_image_reader.cc(281)] could not read dos header from C:\Windows\system32\IPHLPAPI.DLL
[1017/154442:ERROR:process_reader_win.cc(233)] ReadMemory at 0x76080000 of 64 bytes failed: Only part of a ReadProcessMemory or WriteProcessMemory request was completed. (0x12B)
[1017/154442:WARNING:pe_image_reader.cc(281)] could not read dos header from C:\Windows\syswow64\WS2_32.dll
[1017/154442:ERROR:process_reader_win.cc(233)] ReadMemory at 0x75490000 of 64 bytes failed: Only part of a ReadProcessMemory or WriteProcessMemory request was completed. (0x12B)
[1017/154442:WARNING:pe_image_reader.cc(281)] could not read dos header from C:\Windows\syswow64\MSASN1.dll
[1017/154442:ERROR:process_reader_win.cc(233)] ReadMemory at 0x75b90000 of 64 bytes failed: Only part of a ReadProcessMemory or WriteProcessMemory request was completed. (0x12B)
[1017/154442:WARNING:pe_image_reader.cc(281)] could not read dos header from C:\Windows\syswow64\CRYPT32.dll
[1017/154442:ERROR:process_reader_win.cc(233)] ReadMemory at 0x77050000 of 64 bytes failed: Only part of a ReadProcessMemory or WriteProcessMemory request was completed. (0x12B)
[1017/154442:WARNING:pe_image_reader.cc(281)] could not read dos header from C:\Windows\syswow64\WINTRUST.dll
[1017/154442:ERROR:process_reader_win.cc(233)] ReadMemory at 0x742c0000 of 64 bytes failed: Only part of a ReadProcessMemory or WriteProcessMemory request was completed. (0x12B)
[1017/154442:WARNING:pe_image_reader.cc(281)] could not read dos header from C:\Windows\system32\Secur32.dll
[1017/154442:ERROR:process_reader_win.cc(233)] ReadMemory at 0x58840000 of 64 bytes failed: Only part of a ReadProcessMemory or WriteProcessMemory request was completed. (0x12B)
[1017/154442:WARNING:pe_image_reader.cc(281)] could not read dos header from C:\Program Files (x86)\Google\Chrome\Application\53.0.2785.143\chrome_child.dll
[1017/154442:ERROR:process_reader_win.cc(233)] ReadMemory at 0x70ad0000 of 64 bytes failed: Only part of a ReadProcessMemory or WriteProcessMemory request was completed. (0x12B)
[1017/154442:WARNING:pe_image_reader.cc(281)] could not read dos header from C:\Windows\system32\dwrite.dll
[1017/154442:ERROR:process_reader_win.cc(233)] ReadMemory at 0x322000 of 57344 bytes failed: Only part of a ReadProcessMemory or WriteProcessMemory request was completed. (0x12B)
[1017/154442:ERROR:crash_report_exception_handler.cc(98)] WriteEverything failed
[1017/154442:ERROR:scoped_process_suspend.cc(38)] NtResumeProcess: An attempt was made to access an exiting process.  (0xc000010a)
